<?xml version="1.0" encoding="UTF-8"?>
<testsuite xmlns:xsi="http://www.w3.org/2001/XMLSchema-instance" xsi:noNamespaceSchemaLocation="https://maven.apache.org/surefire/maven-surefire-plugin/xsd/surefire-test-report.xsd" name="TestSuite" time="13.816" tests="2" errors="0" skipped="0" failures="2">
  <properties>
    <property name="java.specification.version" value="16"/>
    <property name="sun.cpu.isalist" value="amd64"/>
    <property name="sun.jnu.encoding" value="Cp1252"/>
    <property name="java.class.path" value="C:\Users\mukul\eclipse-workspace\toolsqa\target\test-classes;C:\Users\mukul\eclipse-workspace\toolsqa\target\classes;C:\Users\mukul\.m2\repository\org\seleniumhq\selenium\selenium-java\3.13.0\selenium-java-3.13.0.jar;C:\Users\mukul\.m2\repository\org\seleniumhq\selenium\selenium-api\3.13.0\selenium-api-3.13.0.jar;C:\Users\mukul\.m2\repository\org\seleniumhq\selenium\selenium-chrome-driver\3.13.0\selenium-chrome-driver-3.13.0.jar;C:\Users\mukul\.m2\repository\org\seleniumhq\selenium\selenium-edge-driver\3.13.0\selenium-edge-driver-3.13.0.jar;C:\Users\mukul\.m2\repository\org\seleniumhq\selenium\selenium-firefox-driver\3.13.0\selenium-firefox-driver-3.13.0.jar;C:\Users\mukul\.m2\repository\org\seleniumhq\selenium\selenium-ie-driver\3.13.0\selenium-ie-driver-3.13.0.jar;C:\Users\mukul\.m2\repository\org\seleniumhq\selenium\selenium-opera-driver\3.13.0\selenium-opera-driver-3.13.0.jar;C:\Users\mukul\.m2\repository\org\seleniumhq\selenium\selenium-remote-driver\3.13.0\selenium-remote-driver-3.13.0.jar;C:\Users\mukul\.m2\repository\org\seleniumhq\selenium\selenium-safari-driver\3.13.0\selenium-safari-driver-3.13.0.jar;C:\Users\mukul\.m2\repository\org\seleniumhq\selenium\selenium-support\3.13.0\selenium-support-3.13.0.jar;C:\Users\mukul\.m2\repository\net\bytebuddy\byte-buddy\1.8.3\byte-buddy-1.8.3.jar;C:\Users\mukul\.m2\repository\org\apache\commons\commons-exec\1.3\commons-exec-1.3.jar;C:\Users\mukul\.m2\repository\commons-codec\commons-codec\1.10\commons-codec-1.10.jar;C:\Users\mukul\.m2\repository\commons-logging\commons-logging\1.2\commons-logging-1.2.jar;C:\Users\mukul\.m2\repository\com\google\code\gson\gson\2.8.4\gson-2.8.4.jar;C:\Users\mukul\.m2\repository\com\google\guava\guava\25.0-jre\guava-25.0-jre.jar;C:\Users\mukul\.m2\repository\com\google\code\findbugs\jsr305\1.3.9\jsr305-1.3.9.jar;C:\Users\mukul\.m2\repository\org\checkerframework\checker-compat-qual\2.0.0\checker-compat-qual-2.0.0.jar;C:\Users\mukul\.m2\repository\com\google\errorprone\error_prone_annotations\2.1.3\error_prone_annotations-2.1.3.jar;C:\Users\mukul\.m2\repository\com\google\j2objc\j2objc-annotations\1.1\j2objc-annotations-1.1.jar;C:\Users\mukul\.m2\repository\org\codehaus\mojo\animal-sniffer-annotations\1.14\animal-sniffer-annotations-1.14.jar;C:\Users\mukul\.m2\repository\org\apache\httpcomponents\httpclient\4.5.5\httpclient-4.5.5.jar;C:\Users\mukul\.m2\repository\org\apache\httpcomponents\httpcore\4.4.9\httpcore-4.4.9.jar;C:\Users\mukul\.m2\repository\com\squareup\okhttp3\okhttp\3.10.0\okhttp-3.10.0.jar;C:\Users\mukul\.m2\repository\com\squareup\okio\okio\1.14.1\okio-1.14.1.jar;C:\Users\mukul\.m2\repository\com\google\inject\guice\4.2.2\guice-4.2.2.jar;C:\Users\mukul\.m2\repository\javax\inject\javax.inject\1\javax.inject-1.jar;C:\Users\mukul\.m2\repository\aopalliance\aopalliance\1.0\aopalliance-1.0.jar;C:\Users\mukul\.m2\repository\org\uncommons\reportng\1.1.4\reportng-1.1.4.jar;C:\Users\mukul\.m2\repository\velocity\velocity\1.4\velocity-1.4.jar;C:\Users\mukul\.m2\repository\velocity\velocity-dep\1.4\velocity-dep-1.4.jar;C:\Users\mukul\.m2\repository\org\testng\testng\6.14.3\testng-6.14.3.jar;C:\Users\mukul\.m2\repository\com\beust\jcommander\1.72\jcommander-1.72.jar;C:\Users\mukul\.m2\repository\org\apache-extras\beanshell\bsh\2.0b6\bsh-2.0b6.jar;C:\Users\mukul\.m2\repository\log4j\log4j\1.2.17\log4j-1.2.17.jar;C:\Users\mukul\.m2\repository\com\aventstack\extentreports\3.1.5\extentreports-3.1.5.jar;C:\Users\mukul\.m2\repository\org\freemarker\freemarker\2.3.23\freemarker-2.3.23.jar;C:\Users\mukul\.m2\repository\org\mongodb\mongodb-driver\3.3.0\mongodb-driver-3.3.0.jar;C:\Users\mukul\.m2\repository\org\mongodb\bson\3.3.0\bson-3.3.0.jar;C:\Users\mukul\.m2\repository\org\mongodb\mongodb-driver-core\3.3.0\mongodb-driver-core-3.3.0.jar;C:\Users\mukul\.m2\repository\org\apache\httpcomponents\httpmime\4.5.2\httpmime-4.5.2.jar;C:\Users\mukul\.m2\repository\org\apache\poi\poi\3.15\poi-3.15.jar;C:\Users\mukul\.m2\repository\org\apache\commons\commons-collections4\4.1\commons-collections4-4.1.jar;C:\Users\mukul\.m2\repository\org\apache\poi\poi-ooxml\3.15\poi-ooxml-3.15.jar;C:\Users\mukul\.m2\repository\org\apache\poi\poi-ooxml-schemas\3.15\poi-ooxml-schemas-3.15.jar;C:\Users\mukul\.m2\repository\org\apache\xmlbeans\xmlbeans\2.6.0\xmlbeans-2.6.0.jar;C:\Users\mukul\.m2\repository\stax\stax-api\1.0.1\stax-api-1.0.1.jar;C:\Users\mukul\.m2\repository\com\github\virtuald\curvesapi\1.04\curvesapi-1.04.jar;C:\Users\mukul\.m2\repository\io\github\bonigarcia\webdrivermanager\4.4.3\webdrivermanager-4.4.3.jar;C:\Users\mukul\.m2\repository\org\slf4j\slf4j-api\1.7.30\slf4j-api-1.7.30.jar;C:\Users\mukul\.m2\repository\org\apache\commons\commons-lang3\3.12.0\commons-lang3-3.12.0.jar;C:\Users\mukul\.m2\repository\org\apache\httpcomponents\client5\httpclient5\5.0.3\httpclient5-5.0.3.jar;C:\Users\mukul\.m2\repository\org\apache\httpcomponents\core5\httpcore5\5.0.2\httpcore5-5.0.2.jar;C:\Users\mukul\.m2\repository\org\apache\httpcomponents\core5\httpcore5-h2\5.0.2\httpcore5-h2-5.0.2.jar;C:\Users\mukul\.m2\repository\org\rauschig\jarchivelib\1.1.0\jarchivelib-1.1.0.jar;C:\Users\mukul\.m2\repository\org\apache\commons\commons-compress\1.20\commons-compress-1.20.jar;C:\Users\mukul\.m2\repository\commons-configuration\commons-configuration\1.10\commons-configuration-1.10.jar;C:\Users\mukul\.m2\repository\commons-lang\commons-lang\2.6\commons-lang-2.6.jar;C:\Users\mukul\.m2\repository\commons-io\commons-io\2.4\commons-io-2.4.jar;C:\Users\mukul\.m2\repository\com\relevantcodes\extentreports\2.41.2\extentreports-2.41.2.jar;C:\Users\mukul\.m2\repository\org\xerial\sqlite-jdbc\3.8.11.1\sqlite-jdbc-3.8.11.1.jar;C:\Users\mukul\.m2\repository\org\jsoup\jsoup\1.8.3\jsoup-1.8.3.jar;"/>
    <property name="java.vm.vendor" value="Oracle Corporation"/>
    <property name="sun.arch.data.model" value="64"/>
    <property name="user.variant" value=""/>
    <property name="java.vendor.url" value="https://java.oracle.com/"/>
    <property name="user.timezone" value="Asia/Calcutta"/>
    <property name="os.name" value="Windows 10"/>
    <property name="java.vm.specification.version" value="16"/>
    <property name="sun.java.launcher" value="SUN_STANDARD"/>
    <property name="user.country" value="US"/>
    <property name="sun.boot.library.path" value="C:\Program Files\Java\jdk-16.0.1\bin"/>
    <property name="sun.java.command" value="C:\Users\mukul\AppData\Local\Temp\surefire6470535507040192185\surefirebooter15205649142047325624.jar C:\Users\mukul\AppData\Local\Temp\surefire6470535507040192185 2021-10-24T13-39-51_481-jvmRun1 surefire17377150895773615093tmp surefire_05638997796434320624tmp"/>
    <property name="jdk.debug" value="release"/>
    <property name="surefire.test.class.path" value="C:\Users\mukul\eclipse-workspace\toolsqa\target\test-classes;C:\Users\mukul\eclipse-workspace\toolsqa\target\classes;C:\Users\mukul\.m2\repository\org\seleniumhq\selenium\selenium-java\3.13.0\selenium-java-3.13.0.jar;C:\Users\mukul\.m2\repository\org\seleniumhq\selenium\selenium-api\3.13.0\selenium-api-3.13.0.jar;C:\Users\mukul\.m2\repository\org\seleniumhq\selenium\selenium-chrome-driver\3.13.0\selenium-chrome-driver-3.13.0.jar;C:\Users\mukul\.m2\repository\org\seleniumhq\selenium\selenium-edge-driver\3.13.0\selenium-edge-driver-3.13.0.jar;C:\Users\mukul\.m2\repository\org\seleniumhq\selenium\selenium-firefox-driver\3.13.0\selenium-firefox-driver-3.13.0.jar;C:\Users\mukul\.m2\repository\org\seleniumhq\selenium\selenium-ie-driver\3.13.0\selenium-ie-driver-3.13.0.jar;C:\Users\mukul\.m2\repository\org\seleniumhq\selenium\selenium-opera-driver\3.13.0\selenium-opera-driver-3.13.0.jar;C:\Users\mukul\.m2\repository\org\seleniumhq\selenium\selenium-remote-driver\3.13.0\selenium-remote-driver-3.13.0.jar;C:\Users\mukul\.m2\repository\org\seleniumhq\selenium\selenium-safari-driver\3.13.0\selenium-safari-driver-3.13.0.jar;C:\Users\mukul\.m2\repository\org\seleniumhq\selenium\selenium-support\3.13.0\selenium-support-3.13.0.jar;C:\Users\mukul\.m2\repository\net\bytebuddy\byte-buddy\1.8.3\byte-buddy-1.8.3.jar;C:\Users\mukul\.m2\repository\org\apache\commons\commons-exec\1.3\commons-exec-1.3.jar;C:\Users\mukul\.m2\repository\commons-codec\commons-codec\1.10\commons-codec-1.10.jar;C:\Users\mukul\.m2\repository\commons-logging\commons-logging\1.2\commons-logging-1.2.jar;C:\Users\mukul\.m2\repository\com\google\code\gson\gson\2.8.4\gson-2.8.4.jar;C:\Users\mukul\.m2\repository\com\google\guava\guava\25.0-jre\guava-25.0-jre.jar;C:\Users\mukul\.m2\repository\com\google\code\findbugs\jsr305\1.3.9\jsr305-1.3.9.jar;C:\Users\mukul\.m2\repository\org\checkerframework\checker-compat-qual\2.0.0\checker-compat-qual-2.0.0.jar;C:\Users\mukul\.m2\repository\com\google\errorprone\error_prone_annotations\2.1.3\error_prone_annotations-2.1.3.jar;C:\Users\mukul\.m2\repository\com\google\j2objc\j2objc-annotations\1.1\j2objc-annotations-1.1.jar;C:\Users\mukul\.m2\repository\org\codehaus\mojo\animal-sniffer-annotations\1.14\animal-sniffer-annotations-1.14.jar;C:\Users\mukul\.m2\repository\org\apache\httpcomponents\httpclient\4.5.5\httpclient-4.5.5.jar;C:\Users\mukul\.m2\repository\org\apache\httpcomponents\httpcore\4.4.9\httpcore-4.4.9.jar;C:\Users\mukul\.m2\repository\com\squareup\okhttp3\okhttp\3.10.0\okhttp-3.10.0.jar;C:\Users\mukul\.m2\repository\com\squareup\okio\okio\1.14.1\okio-1.14.1.jar;C:\Users\mukul\.m2\repository\com\google\inject\guice\4.2.2\guice-4.2.2.jar;C:\Users\mukul\.m2\repository\javax\inject\javax.inject\1\javax.inject-1.jar;C:\Users\mukul\.m2\repository\aopalliance\aopalliance\1.0\aopalliance-1.0.jar;C:\Users\mukul\.m2\repository\org\uncommons\reportng\1.1.4\reportng-1.1.4.jar;C:\Users\mukul\.m2\repository\velocity\velocity\1.4\velocity-1.4.jar;C:\Users\mukul\.m2\repository\velocity\velocity-dep\1.4\velocity-dep-1.4.jar;C:\Users\mukul\.m2\repository\org\testng\testng\6.14.3\testng-6.14.3.jar;C:\Users\mukul\.m2\repository\com\beust\jcommander\1.72\jcommander-1.72.jar;C:\Users\mukul\.m2\repository\org\apache-extras\beanshell\bsh\2.0b6\bsh-2.0b6.jar;C:\Users\mukul\.m2\repository\log4j\log4j\1.2.17\log4j-1.2.17.jar;C:\Users\mukul\.m2\repository\com\aventstack\extentreports\3.1.5\extentreports-3.1.5.jar;C:\Users\mukul\.m2\repository\org\freemarker\freemarker\2.3.23\freemarker-2.3.23.jar;C:\Users\mukul\.m2\repository\org\mongodb\mongodb-driver\3.3.0\mongodb-driver-3.3.0.jar;C:\Users\mukul\.m2\repository\org\mongodb\bson\3.3.0\bson-3.3.0.jar;C:\Users\mukul\.m2\repository\org\mongodb\mongodb-driver-core\3.3.0\mongodb-driver-core-3.3.0.jar;C:\Users\mukul\.m2\repository\org\apache\httpcomponents\httpmime\4.5.2\httpmime-4.5.2.jar;C:\Users\mukul\.m2\repository\org\apache\poi\poi\3.15\poi-3.15.jar;C:\Users\mukul\.m2\repository\org\apache\commons\commons-collections4\4.1\commons-collections4-4.1.jar;C:\Users\mukul\.m2\repository\org\apache\poi\poi-ooxml\3.15\poi-ooxml-3.15.jar;C:\Users\mukul\.m2\repository\org\apache\poi\poi-ooxml-schemas\3.15\poi-ooxml-schemas-3.15.jar;C:\Users\mukul\.m2\repository\org\apache\xmlbeans\xmlbeans\2.6.0\xmlbeans-2.6.0.jar;C:\Users\mukul\.m2\repository\stax\stax-api\1.0.1\stax-api-1.0.1.jar;C:\Users\mukul\.m2\repository\com\github\virtuald\curvesapi\1.04\curvesapi-1.04.jar;C:\Users\mukul\.m2\repository\io\github\bonigarcia\webdrivermanager\4.4.3\webdrivermanager-4.4.3.jar;C:\Users\mukul\.m2\repository\org\slf4j\slf4j-api\1.7.30\slf4j-api-1.7.30.jar;C:\Users\mukul\.m2\repository\org\apache\commons\commons-lang3\3.12.0\commons-lang3-3.12.0.jar;C:\Users\mukul\.m2\repository\org\apache\httpcomponents\client5\httpclient5\5.0.3\httpclient5-5.0.3.jar;C:\Users\mukul\.m2\repository\org\apache\httpcomponents\core5\httpcore5\5.0.2\httpcore5-5.0.2.jar;C:\Users\mukul\.m2\repository\org\apache\httpcomponents\core5\httpcore5-h2\5.0.2\httpcore5-h2-5.0.2.jar;C:\Users\mukul\.m2\repository\org\rauschig\jarchivelib\1.1.0\jarchivelib-1.1.0.jar;C:\Users\mukul\.m2\repository\org\apache\commons\commons-compress\1.20\commons-compress-1.20.jar;C:\Users\mukul\.m2\repository\commons-configuration\commons-configuration\1.10\commons-configuration-1.10.jar;C:\Users\mukul\.m2\repository\commons-lang\commons-lang\2.6\commons-lang-2.6.jar;C:\Users\mukul\.m2\repository\commons-io\commons-io\2.4\commons-io-2.4.jar;C:\Users\mukul\.m2\repository\com\relevantcodes\extentreports\2.41.2\extentreports-2.41.2.jar;C:\Users\mukul\.m2\repository\org\xerial\sqlite-jdbc\3.8.11.1\sqlite-jdbc-3.8.11.1.jar;C:\Users\mukul\.m2\repository\org\jsoup\jsoup\1.8.3\jsoup-1.8.3.jar;"/>
    <property name="sun.cpu.endian" value="little"/>
    <property name="user.home" value="C:\Users\mukul"/>
    <property name="user.language" value="en"/>
    <property name="java.specification.vendor" value="Oracle Corporation"/>
    <property name="java.version.date" value="2021-04-20"/>
    <property name="java.home" value="C:\Program Files\Java\jdk-16.0.1"/>
    <property name="file.separator" value="\"/>
    <property name="basedir" value="C:\Users\mukul\eclipse-workspace\toolsqa"/>
    <property name="java.vm.compressedOopsMode" value="Zero based"/>
    <property name="line.separator" value="&#10;"/>
    <property name="java.vm.specification.vendor" value="Oracle Corporation"/>
    <property name="java.specification.name" value="Java Platform API Specification"/>
    <property name="surefire.real.class.path" value="C:\Users\mukul\AppData\Local\Temp\surefire6470535507040192185\surefirebooter15205649142047325624.jar"/>
    <property name="user.script" value=""/>
    <property name="sun.management.compiler" value="HotSpot 64-Bit Tiered Compilers"/>
    <property name="java.runtime.version" value="16.0.1+9-24"/>
    <property name="user.name" value="mukul"/>
    <property name="path.separator" value=";"/>
    <property name="os.version" value="10.0"/>
    <property name="java.runtime.name" value="Java(TM) SE Runtime Environment"/>
    <property name="file.encoding" value="Cp1252"/>
    <property name="java.vm.name" value="Java HotSpot(TM) 64-Bit Server VM"/>
    <property name="localRepository" value="C:\Users\mukul\.m2\repository"/>
    <property name="java.vendor.url.bug" value="https://bugreport.java.com/bugreport/"/>
    <property name="java.io.tmpdir" value="C:\Users\mukul\AppData\Local\Temp\"/>
    <property name="java.version" value="16.0.1"/>
    <property name="user.dir" value="C:\Users\mukul\eclipse-workspace\toolsqa"/>
    <property name="os.arch" value="amd64"/>
    <property name="java.vm.specification.name" value="Java Virtual Machine Specification"/>
    <property name="sun.os.patch.level" value=""/>
    <property name="java.library.path" value="C:\Program Files\Java\jdk-16.0.1\bin;C:\WINDOWS\Sun\Java\bin;C:\WINDOWS\system32;C:\WINDOWS;C:\Python39\Scripts\;C:\Python39\;C:\Program Files\Common Files\Oracle\Java\javapath;C:\windows\system32;C:\windows;C:\windows\System32\Wbem;C:\windows\System32\WindowsPowerShell\v1.0\;C:\windows\System32\OpenSSH\;C:\Program Files (x86)\Intel\Intel(R) Management Engine Components\DAL;C:\Program Files\Intel\Intel(R) Management Engine Components\DAL;C:\Program Files (x86)\Intel\Intel(R) Management Engine Components\IPT;C:\Program Files\Intel\Intel(R) Management Engine Components\IPT;C:\Program Files (x86)\NVIDIA Corporation\PhysX\Common;C:\Program Files\Intel\WiFi\bin\;C:\Program Files\Common Files\Intel\WirelessCommon\;C:\WINDOWS\system32;C:\WINDOWS;C:\WINDOWS\System32\Wbem;C:\WINDOWS\System32\WindowsPowerShell\v1.0\;C:\WINDOWS\System32\OpenSSH\;C:\Users\mukul\Desktop\selenium\apache-maven-3.8.1-bin\apache-maven-3.8.1\bin;C:\Program Files\Java\jdk-16.0.1\bin;C:\PHP;C:\Program Files\Git\cmd;C:\Program Files (x86)\Google\Chrome\Application;C:\Users\mukul\AppData\Local\Android\Sdk\tools\bin;C:\Users\mukul\AppData\Local\Android\Sdk\tools;C:\Users\mukul\AppData\Local\Android\Sdk\platform-tools;C:\Program Files\nodejs\node_modules\npm\bin;C:\Users\mukul\Desktop\selenium;C:\Program Files\nodejs\;C:\ProgramData\chocolatey\bin;C:\Program Files\MySQL\MySQL Shell 8.0\bin\;C:\Users\mukul\AppData\Local\Microsoft\WindowsApps;C:\src\flutter\bin;C:\Program Files\nodejs;C:\Users\mukul\AppData\Roaming\npm;."/>
    <property name="java.vm.info" value="mixed mode, sharing"/>
    <property name="java.vendor" value="Oracle Corporation"/>
    <property name="java.vm.version" value="16.0.1+9-24"/>
    <property name="sun.io.unicode.encoding" value="UnicodeLittle"/>
    <property name="java.class.version" value="60.0"/>
  </properties>
  <testcase name="submitForm" classname="tests.toolsqaTest" time="1.848">
    <failure message="Cannot invoke &quot;java.lang.CharSequence.codePoints()&quot; because &quot;key&quot; is null" type="java.lang.NullPointerException">java.lang.NullPointerException: Cannot invoke "java.lang.CharSequence.codePoints()" because "key" is null
	at tests.toolsqaTest.submitForm(toolsqaTest.java:55)
</failure>
    <system-out><![CDATA[listener before class
2021-10-24 13:39:54 INFO  DriverFactory:83 - Driver for Chrome initialized.
2021-10-24 13:39:59 INFO  toolsqaTest:46 - URL is entered in broswer
class name: toolsqaTest with instance id :ChromeDriver: chrome on WINDOWS (8cec0c306010f137234544233b2c153a)
record=1
2021-10-24 13:39:59 DEBUG PropertiesConfiguration:588 - FileName set to src/main/java/config/AppConfig.properties
2021-10-24 13:39:59 DEBUG ConfigurationUtils:449 - ConfigurationUtils.locate(): base is null, name is src/main/java/config/AppConfig.properties
2021-10-24 13:39:59 DEBUG DefaultFileSystem:281 - Could not locate file src/main/java/config/AppConfig.properties at null: no protocol: src/main/java/config/AppConfig.properties
2021-10-24 13:39:59 DEBUG ConfigurationUtils:493 - Loading configuration from the path src\main\java\config\AppConfig.properties
2021-10-24 13:39:59 DEBUG PropertiesConfiguration:626 - Base path set to file:///C:/Users/mukul/eclipse-workspace/toolsqa/src/main/java/config/AppConfig.properties
2021-10-24 13:39:59 INFO  toolsqaTest:52 - submitForm() test started
1
]]></system-out>
    <system-err><![CDATA[SLF4J: Failed to load class "org.slf4j.impl.StaticLoggerBinder".
SLF4J: Defaulting to no-operation (NOP) logger implementation
SLF4J: See http://www.slf4j.org/codes.html#StaticLoggerBinder for further details.
Starting ChromeDriver 94.0.4606.61 (418b78f5838ed0b1c69bb4e51ea0252171854915-refs/branch-heads/4606@{#1204}) on port 22746
Only local connections are allowed.
Please see https://chromedriver.chromium.org/security-considerations for suggestions on keeping ChromeDriver safe.
ChromeDriver was started successfully.
Oct 24, 2021 1:39:54 PM org.openqa.selenium.remote.ProtocolHandshake createSession
INFO: Detected dialect: W3C
]]></system-err>
  </testcase>
  <testcase name="submitForm" classname="tests.toolsqaTest" time="1.067">
    <failure message="Cannot invoke &quot;java.lang.CharSequence.codePoints()&quot; because &quot;key&quot; is null" type="java.lang.NullPointerException">java.lang.NullPointerException: Cannot invoke "java.lang.CharSequence.codePoints()" because "key" is null
	at tests.toolsqaTest.submitForm(toolsqaTest.java:55)
</failure>
    <system-out><![CDATA[ChromeDriver: chrome on WINDOWS (8cec0c306010f137234544233b2c153a)
***Placed screen shot in C:\Users\mukul\eclipse-workspace\toolsqa/Extent Reports/Failure Screenshots/***
2021-10-24 13:40:01 DEBUG PropertiesConfiguration:588 - FileName set to src/main/java/config/AppConfig.properties
2021-10-24 13:40:01 DEBUG ConfigurationUtils:449 - ConfigurationUtils.locate(): base is null, name is src/main/java/config/AppConfig.properties
2021-10-24 13:40:01 DEBUG DefaultFileSystem:281 - Could not locate file src/main/java/config/AppConfig.properties at null: no protocol: src/main/java/config/AppConfig.properties
2021-10-24 13:40:01 DEBUG ConfigurationUtils:493 - Loading configuration from the path src\main\java\config\AppConfig.properties
2021-10-24 13:40:01 DEBUG PropertiesConfiguration:626 - Base path set to file:///C:/Users/mukul/eclipse-workspace/toolsqa/src/main/java/config/AppConfig.properties
class name: toolsqaTest with instance id :ChromeDriver: chrome on WINDOWS (8cec0c306010f137234544233b2c153a)
record=2
2021-10-24 13:40:02 DEBUG PropertiesConfiguration:588 - FileName set to src/main/java/config/AppConfig.properties
2021-10-24 13:40:02 DEBUG ConfigurationUtils:449 - ConfigurationUtils.locate(): base is null, name is src/main/java/config/AppConfig.properties
2021-10-24 13:40:02 DEBUG DefaultFileSystem:281 - Could not locate file src/main/java/config/AppConfig.properties at null: no protocol: src/main/java/config/AppConfig.properties
2021-10-24 13:40:02 DEBUG ConfigurationUtils:493 - Loading configuration from the path src\main\java\config\AppConfig.properties
2021-10-24 13:40:02 DEBUG PropertiesConfiguration:626 - Base path set to file:///C:/Users/mukul/eclipse-workspace/toolsqa/src/main/java/config/AppConfig.properties
2021-10-24 13:40:02 INFO  toolsqaTest:52 - submitForm() test started
2
]]></system-out>
  </testcase>
</testsuite>