<?xml version="1.0" encoding="UTF-8"?>
<!-- Generated by org.testng.reporters.JUnitReportReporter -->
<testsuite hostname="DESKTOP-UT2VJGI" failures="0" tests="1" name="tests.ProtonTest" time="70.663" errors="0" timestamp="09 Jan 2022 13:47:28 GMT" skipped="0">
  <testcase classname="tests.ProtonTest" name="submitForm" time="70.663"/>
</testsuite> <!-- tests.ProtonTest -->
